name: lj_liquid.py
job_id: lj_liquid.py
npart:$512 density:$4.8e-05 kT:$330.0
LJ-parameters:
{'epsilon': 0.3787878787878788, 'sigma': 3.4, 'cutoff': 8.5, 'shift': 0.004079222783999998, 'offset': 0.0, 'min': 0.0}
Simulate 511 argon particles in a cubic box of length 220.1284832596417 A at density 4.8e-05 particles/A^3 and temperature 330.0 K.
Interactions:
Start with minimal distance 3.7761619374284168
Start warmup integration:
At maximum 10 times 20 steps
Stop if minimal distance is larger than 3.06
LennardJonesInteraction({'epsilon': 0.3787878787878788, 'sigma': 3.4, 'cutoff': 8.5, 'shift': 0.004079222783999998, 'offset': 0.0, 'min': 0.0})
minimization: -2.05e+00

Start integration: run 1000 times 1000 steps
run 0 at time=0.00
run 1 at time=10.00
run 2 at time=20.00
run 3 at time=30.00
run 4 at time=40.00
run 5 at time=50.00
run 6 at time=60.00
run 7 at time=70.00
run 8 at time=80.00
run 9 at time=90.00
run 10 at time=100.00
run 11 at time=110.00
run 12 at time=120.00
run 13 at time=130.00
run 14 at time=140.00
run 15 at time=150.00
run 16 at time=160.00
run 17 at time=170.00
run 18 at time=180.00
run 19 at time=190.00
run 20 at time=200.00
run 21 at time=210.00
run 22 at time=220.00
run 23 at time=230.00
run 24 at time=240.00
run 25 at time=250.00
run 26 at time=260.00
run 27 at time=270.00
run 28 at time=280.00
run 29 at time=290.00
run 30 at time=300.00
run 31 at time=310.00
run 32 at time=320.00
run 33 at time=330.00
run 34 at time=340.00
run 35 at time=350.00
run 36 at time=360.00
run 37 at time=370.00
run 38 at time=380.00
run 39 at time=390.00
run 40 at time=400.00
run 41 at time=410.00
run 42 at time=420.00
run 43 at time=430.00
run 44 at time=440.00
run 45 at time=450.00
run 46 at time=460.00
run 47 at time=470.00
run 48 at time=480.00
run 49 at time=490.00
run 50 at time=500.00
run 51 at time=510.00
run 52 at time=520.00
run 53 at time=530.00
run 54 at time=540.00
run 55 at time=550.00
run 56 at time=560.00
run 57 at time=570.00
run 58 at time=580.00
run 59 at time=590.00
run 60 at time=600.00
run 61 at time=610.00
run 62 at time=620.00
run 63 at time=630.00
run 64 at time=640.00
run 65 at time=650.00
run 66 at time=660.00
run 67 at time=670.00
run 68 at time=680.00
run 69 at time=690.00
run 70 at time=700.00
run 71 at time=710.00
run 72 at time=720.00
run 73 at time=730.00
run 74 at time=740.00
run 75 at time=750.00
run 76 at time=760.00
run 77 at time=770.00
run 78 at time=780.00
run 79 at time=790.00
run 80 at time=800.00
run 81 at time=810.00
run 82 at time=820.00
run 83 at time=830.00
run 84 at time=840.00
run 85 at time=850.00
run 86 at time=860.00
run 87 at time=870.00
run 88 at time=880.00
run 89 at time=890.00
run 90 at time=900.00
run 91 at time=910.00
run 92 at time=920.00
run 93 at time=930.00
run 94 at time=940.00
run 95 at time=950.00
run 96 at time=960.00
run 97 at time=970.00
run 98 at time=980.00
run 99 at time=990.00
run 100 at time=1000.00
run 101 at time=1010.00
run 102 at time=1020.00
run 103 at time=1030.00
run 104 at time=1040.00
run 105 at time=1050.00
run 106 at time=1060.00
run 107 at time=1070.00
run 108 at time=1080.00
run 109 at time=1090.00
run 110 at time=1100.00
run 111 at time=1110.00
run 112 at time=1120.00
run 113 at time=1130.00
run 114 at time=1140.00
run 115 at time=1150.00
run 116 at time=1160.00
run 117 at time=1170.00
run 118 at time=1180.00
run 119 at time=1190.00
run 120 at time=1200.00
run 121 at time=1210.00
run 122 at time=1220.00
run 123 at time=1230.00
run 124 at time=1240.00
run 125 at time=1250.00
run 126 at time=1260.00
run 127 at time=1270.00
run 128 at time=1280.00
run 129 at time=1290.00
run 130 at time=1300.00
run 131 at time=1310.00
run 132 at time=1320.00
run 133 at time=1330.00
run 134 at time=1340.00
run 135 at time=1350.00
run 136 at time=1360.00
run 137 at time=1370.00
run 138 at time=1380.00
run 139 at time=1390.00
run 140 at time=1400.00
run 141 at time=1410.00
run 142 at time=1420.00
run 143 at time=1430.00
run 144 at time=1440.00
run 145 at time=1450.00
run 146 at time=1460.00
run 147 at time=1470.00
run 148 at time=1480.00
run 149 at time=1490.00
run 150 at time=1500.00
run 151 at time=1510.00
run 152 at time=1520.00
run 153 at time=1530.00
run 154 at time=1540.00
run 155 at time=1550.00
run 156 at time=1560.00
run 157 at time=1570.00
run 158 at time=1580.00
run 159 at time=1590.00
run 160 at time=1600.00
run 161 at time=1610.00
run 162 at time=1620.00
run 163 at time=1630.00
run 164 at time=1640.00
run 165 at time=1650.00
run 166 at time=1660.00
run 167 at time=1670.00
run 168 at time=1680.00
run 169 at time=1690.00
run 170 at time=1700.00
run 171 at time=1710.00
run 172 at time=1720.00
run 173 at time=1730.00
run 174 at time=1740.00
run 175 at time=1750.00
run 176 at time=1760.00
run 177 at time=1770.00
run 178 at time=1780.00
run 179 at time=1790.00
run 180 at time=1800.00
run 181 at time=1810.00
run 182 at time=1820.00
run 183 at time=1830.00
run 184 at time=1840.00
run 185 at time=1850.00
run 186 at time=1860.00
run 187 at time=1870.00
run 188 at time=1880.00
run 189 at time=1890.00
run 190 at time=1900.00
run 191 at time=1910.00
run 192 at time=1920.00
run 193 at time=1930.00
run 194 at time=1940.00
run 195 at time=1950.00
run 196 at time=1960.00
run 197 at time=1970.00
run 198 at time=1980.00
run 199 at time=1990.00
run 200 at time=2000.00
run 201 at time=2010.00
run 202 at time=2020.00
run 203 at time=2030.00
run 204 at time=2040.00
run 205 at time=2050.00
run 206 at time=2060.00
run 207 at time=2070.00
run 208 at time=2080.00
run 209 at time=2090.00
run 210 at time=2100.00
run 211 at time=2110.00
run 212 at time=2120.00
run 213 at time=2130.00
run 214 at time=2140.00
run 215 at time=2150.00
run 216 at time=2160.00
run 217 at time=2170.00
run 218 at time=2180.00
run 219 at time=2190.00
run 220 at time=2200.00
run 221 at time=2210.00
run 222 at time=2220.00
run 223 at time=2230.00
run 224 at time=2240.00
run 225 at time=2250.00
run 226 at time=2260.00
run 227 at time=2270.00
run 228 at time=2280.00
run 229 at time=2290.00
run 230 at time=2300.00
run 231 at time=2310.00
run 232 at time=2320.00
run 233 at time=2330.00
run 234 at time=2340.00
run 235 at time=2350.00
run 236 at time=2360.00
run 237 at time=2370.00
run 238 at time=2380.00
run 239 at time=2390.00
run 240 at time=2400.00
run 241 at time=2410.00
run 242 at time=2420.00
run 243 at time=2430.00
run 244 at time=2440.00
run 245 at time=2450.00
run 246 at time=2460.00
run 247 at time=2470.00
run 248 at time=2480.00
run 249 at time=2490.00
run 250 at time=2500.00
run 251 at time=2510.00
run 252 at time=2520.00
run 253 at time=2530.00
run 254 at time=2540.00
run 255 at time=2550.00
run 256 at time=2560.00
run 257 at time=2570.00
run 258 at time=2580.00
run 259 at time=2590.00
run 260 at time=2600.00
run 261 at time=2610.00
run 262 at time=2620.00
run 263 at time=2630.00
run 264 at time=2640.00
run 265 at time=2650.00
run 266 at time=2660.00
run 267 at time=2670.00
run 268 at time=2680.00
run 269 at time=2690.00
run 270 at time=2700.00
run 271 at time=2710.00
run 272 at time=2720.00
run 273 at time=2730.00
run 274 at time=2740.00
run 275 at time=2750.00
run 276 at time=2760.00
run 277 at time=2770.00
run 278 at time=2780.00
run 279 at time=2790.00
run 280 at time=2800.00
run 281 at time=2810.00
run 282 at time=2820.00
run 283 at time=2830.00
run 284 at time=2840.00
run 285 at time=2850.00
run 286 at time=2860.00
run 287 at time=2870.00
run 288 at time=2880.00
run 289 at time=2890.00
run 290 at time=2900.00
run 291 at time=2910.00
run 292 at time=2920.00
run 293 at time=2930.00
run 294 at time=2940.00
run 295 at time=2950.00
run 296 at time=2960.00
run 297 at time=2970.00
run 298 at time=2980.00
run 299 at time=2990.00
run 300 at time=3000.00
run 301 at time=3010.00
run 302 at time=3020.00
run 303 at time=3030.00
run 304 at time=3040.00
run 305 at time=3050.00
run 306 at time=3060.00
run 307 at time=3070.00
run 308 at time=3080.00
run 309 at time=3090.00
run 310 at time=3100.00
run 311 at time=3110.00
run 312 at time=3120.00
run 313 at time=3130.00
run 314 at time=3140.00
run 315 at time=3150.00
run 316 at time=3160.00
run 317 at time=3170.00
run 318 at time=3180.00
run 319 at time=3190.00
run 320 at time=3200.00
run 321 at time=3210.00
run 322 at time=3220.00
run 323 at time=3230.00
run 324 at time=3240.00
run 325 at time=3250.00
run 326 at time=3260.00
run 327 at time=3270.00
run 328 at time=3280.00
run 329 at time=3290.00
run 330 at time=3300.00
run 331 at time=3310.00
run 332 at time=3320.00
run 333 at time=3330.00
run 334 at time=3340.00
run 335 at time=3350.00
run 336 at time=3360.00
run 337 at time=3370.00
run 338 at time=3380.00
run 339 at time=3390.00
run 340 at time=3400.00
run 341 at time=3410.00
run 342 at time=3420.00
run 343 at time=3430.00
run 344 at time=3440.00
run 345 at time=3450.00
run 346 at time=3460.00
run 347 at time=3470.00
run 348 at time=3480.00
run 349 at time=3490.00
run 350 at time=3500.00
run 351 at time=3510.00
run 352 at time=3520.00
run 353 at time=3530.00
run 354 at time=3540.00
run 355 at time=3550.00
run 356 at time=3560.00
run 357 at time=3570.00
run 358 at time=3580.00
run 359 at time=3590.00
run 360 at time=3600.00
run 361 at time=3610.00
run 362 at time=3620.00
run 363 at time=3630.00
run 364 at time=3640.00
run 365 at time=3650.00
run 366 at time=3660.00
run 367 at time=3670.00
run 368 at time=3680.00
run 369 at time=3690.00
run 370 at time=3700.00
run 371 at time=3710.00
run 372 at time=3720.00
run 373 at time=3730.00
run 374 at time=3740.00
run 375 at time=3750.00
run 376 at time=3760.00
run 377 at time=3770.00
run 378 at time=3780.00
run 379 at time=3790.00
run 380 at time=3800.00
run 381 at time=3810.00
run 382 at time=3820.00
run 383 at time=3830.00
run 384 at time=3840.00
run 385 at time=3850.00
run 386 at time=3860.00
run 387 at time=3870.00
run 388 at time=3880.00
run 389 at time=3890.00
run 390 at time=3900.00
run 391 at time=3910.00
run 392 at time=3920.00
run 393 at time=3930.00
run 394 at time=3940.00
run 395 at time=3950.00
run 396 at time=3960.00
run 397 at time=3970.00
run 398 at time=3980.00
run 399 at time=3990.00
run 400 at time=4000.00
run 401 at time=4010.00
run 402 at time=4020.00
run 403 at time=4030.00
run 404 at time=4040.00
run 405 at time=4050.00
run 406 at time=4060.00
run 407 at time=4070.00
run 408 at time=4080.00
run 409 at time=4090.00
run 410 at time=4100.00
run 411 at time=4110.00
run 412 at time=4120.00
run 413 at time=4130.00
run 414 at time=4140.00
run 415 at time=4150.00
run 416 at time=4160.00
run 417 at time=4170.00
run 418 at time=4180.00
run 419 at time=4190.00
run 420 at time=4200.00
run 421 at time=4210.00
run 422 at time=4220.00
run 423 at time=4230.00
run 424 at time=4240.00
run 425 at time=4250.00
run 426 at time=4260.00
run 427 at time=4270.00
run 428 at time=4280.00
run 429 at time=4290.00
run 430 at time=4300.00
run 431 at time=4310.00
run 432 at time=4320.00
run 433 at time=4330.00
run 434 at time=4340.00
run 435 at time=4350.00
run 436 at time=4360.00
run 437 at time=4370.00
run 438 at time=4380.00
run 439 at time=4390.00
run 440 at time=4400.00
run 441 at time=4410.00
run 442 at time=4420.00
run 443 at time=4430.00
run 444 at time=4440.00
run 445 at time=4450.00
run 446 at time=4460.00
run 447 at time=4470.00
run 448 at time=4480.00
run 449 at time=4490.00
run 450 at time=4500.00
run 451 at time=4510.00
run 452 at time=4520.00
run 453 at time=4530.00
run 454 at time=4540.00
run 455 at time=4550.00
run 456 at time=4560.00
run 457 at time=4570.00
run 458 at time=4580.00
run 459 at time=4590.00
run 460 at time=4600.00
run 461 at time=4610.00
run 462 at time=4620.00
run 463 at time=4630.00
run 464 at time=4640.00
run 465 at time=4650.00
run 466 at time=4660.00
run 467 at time=4670.00
run 468 at time=4680.00
run 469 at time=4690.00
run 470 at time=4700.00
run 471 at time=4710.00
run 472 at time=4720.00
run 473 at time=4730.00
run 474 at time=4740.00
run 475 at time=4750.00
run 476 at time=4760.00
run 477 at time=4770.00
run 478 at time=4780.00
run 479 at time=4790.00
run 480 at time=4800.00
run 481 at time=4810.00
run 482 at time=4820.00
run 483 at time=4830.00
run 484 at time=4840.00
run 485 at time=4850.00
run 486 at time=4860.00
run 487 at time=4870.00
run 488 at time=4880.00
run 489 at time=4890.00
run 490 at time=4900.00
run 491 at time=4910.00
run 492 at time=4920.00
run 493 at time=4930.00
run 494 at time=4940.00
run 495 at time=4950.00
run 496 at time=4960.00
run 497 at time=4970.00
run 498 at time=4980.00
run 499 at time=4990.00
run 500 at time=5000.00
run 501 at time=5010.00
run 502 at time=5020.00
run 503 at time=5030.00
run 504 at time=5040.00
run 505 at time=5050.00
run 506 at time=5060.00
run 507 at time=5070.00
run 508 at time=5080.00
run 509 at time=5090.00
run 510 at time=5100.00
run 511 at time=5110.00
run 512 at time=5120.00
run 513 at time=5130.00
run 514 at time=5140.00
run 515 at time=5150.00
run 516 at time=5160.00
run 517 at time=5170.00
run 518 at time=5180.00
run 519 at time=5190.00
run 520 at time=5200.00
run 521 at time=5210.00
run 522 at time=5220.00
run 523 at time=5230.00
run 524 at time=5240.00
run 525 at time=5250.00
run 526 at time=5260.00
run 527 at time=5270.00
run 528 at time=5280.00
run 529 at time=5290.00
run 530 at time=5300.00
run 531 at time=5310.00
run 532 at time=5320.00
run 533 at time=5330.00
run 534 at time=5340.00
run 535 at time=5350.00
run 536 at time=5360.00
run 537 at time=5370.00
run 538 at time=5380.00
run 539 at time=5390.00
run 540 at time=5400.00
run 541 at time=5410.00
run 542 at time=5420.00
run 543 at time=5430.00
run 544 at time=5440.00
run 545 at time=5450.00
run 546 at time=5460.00
run 547 at time=5470.00
run 548 at time=5480.00
run 549 at time=5490.00
run 550 at time=5500.00
run 551 at time=5510.00
run 552 at time=5520.00
run 553 at time=5530.00
run 554 at time=5540.00
run 555 at time=5550.00
run 556 at time=5560.00
run 557 at time=5570.00
run 558 at time=5580.00
run 559 at time=5590.00
run 560 at time=5600.00
run 561 at time=5610.00
run 562 at time=5620.00
run 563 at time=5630.00
run 564 at time=5640.00
run 565 at time=5650.00
run 566 at time=5660.00
run 567 at time=5670.00
run 568 at time=5680.00
run 569 at time=5690.00
run 570 at time=5700.00
run 571 at time=5710.00
run 572 at time=5720.00
run 573 at time=5730.00
run 574 at time=5740.00
run 575 at time=5750.00
run 576 at time=5760.00
run 577 at time=5770.00
run 578 at time=5780.00
run 579 at time=5790.00
run 580 at time=5800.00
run 581 at time=5810.00
run 582 at time=5820.00
run 583 at time=5830.00
run 584 at time=5840.00
run 585 at time=5850.00
run 586 at time=5860.00
run 587 at time=5870.00
run 588 at time=5880.00
run 589 at time=5890.00
run 590 at time=5900.00
run 591 at time=5910.00
run 592 at time=5920.00
run 593 at time=5930.00
run 594 at time=5940.00
run 595 at time=5950.00
run 596 at time=5960.00
run 597 at time=5970.00
run 598 at time=5980.00
run 599 at time=5990.00
run 600 at time=6000.00
run 601 at time=6010.00
run 602 at time=6020.00
run 603 at time=6030.00
run 604 at time=6040.00
run 605 at time=6050.00
run 606 at time=6060.00
run 607 at time=6070.00
run 608 at time=6080.00
run 609 at time=6090.00
run 610 at time=6100.00
run 611 at time=6110.00
run 612 at time=6120.00
run 613 at time=6130.00
run 614 at time=6140.00
run 615 at time=6150.00
run 616 at time=6160.00
run 617 at time=6170.00
run 618 at time=6180.00
run 619 at time=6190.00
run 620 at time=6200.00
run 621 at time=6210.00
run 622 at time=6220.00
run 623 at time=6230.00
run 624 at time=6240.00
run 625 at time=6250.00
run 626 at time=6260.00
run 627 at time=6270.00
run 628 at time=6280.00
run 629 at time=6290.00
run 630 at time=6300.00
run 631 at time=6310.00
run 632 at time=6320.00
run 633 at time=6330.00
run 634 at time=6340.00
run 635 at time=6350.00
run 636 at time=6360.00
run 637 at time=6370.00
run 638 at time=6380.00
run 639 at time=6390.00
run 640 at time=6400.00
run 641 at time=6410.00
run 642 at time=6420.00
run 643 at time=6430.00
run 644 at time=6440.00
run 645 at time=6450.00
run 646 at time=6460.00
run 647 at time=6470.00
run 648 at time=6480.00
run 649 at time=6490.00
run 650 at time=6500.00
run 651 at time=6510.00
run 652 at time=6520.00
run 653 at time=6530.00
run 654 at time=6540.00
run 655 at time=6550.00
run 656 at time=6560.00
run 657 at time=6570.00
run 658 at time=6580.00
run 659 at time=6590.00
run 660 at time=6600.00
run 661 at time=6610.00
run 662 at time=6620.00
run 663 at time=6630.00
run 664 at time=6640.00
run 665 at time=6650.00
run 666 at time=6660.00
run 667 at time=6670.00
run 668 at time=6680.00
run 669 at time=6690.00
run 670 at time=6700.00
run 671 at time=6710.00
run 672 at time=6720.00
run 673 at time=6730.00
run 674 at time=6740.00
run 675 at time=6750.00
run 676 at time=6760.00
run 677 at time=6770.00
run 678 at time=6780.00
run 679 at time=6790.00
run 680 at time=6800.00
run 681 at time=6810.00
run 682 at time=6820.00
run 683 at time=6830.00
run 684 at time=6840.00
run 685 at time=6850.00
run 686 at time=6860.00
run 687 at time=6870.00
run 688 at time=6880.00
run 689 at time=6890.00
run 690 at time=6900.00
run 691 at time=6910.00
run 692 at time=6920.00
run 693 at time=6930.00
run 694 at time=6940.00
run 695 at time=6950.00
run 696 at time=6960.00
run 697 at time=6970.00
run 698 at time=6980.00
run 699 at time=6990.00
run 700 at time=7000.00
run 701 at time=7010.00
run 702 at time=7020.00
run 703 at time=7030.00
run 704 at time=7040.00
run 705 at time=7050.00
run 706 at time=7060.00
run 707 at time=7070.00
run 708 at time=7080.00
run 709 at time=7090.00
run 710 at time=7100.00
run 711 at time=7110.00
run 712 at time=7120.00
run 713 at time=7130.00
run 714 at time=7140.00
run 715 at time=7150.00
run 716 at time=7160.00
run 717 at time=7170.00
run 718 at time=7180.00
run 719 at time=7190.00
run 720 at time=7200.00
run 721 at time=7210.00
run 722 at time=7220.00
run 723 at time=7230.00
run 724 at time=7240.00
run 725 at time=7250.00
run 726 at time=7260.00
run 727 at time=7270.00
run 728 at time=7280.00
run 729 at time=7290.00
run 730 at time=7300.00
run 731 at time=7310.00
run 732 at time=7320.00
run 733 at time=7330.00
run 734 at time=7340.00
run 735 at time=7350.00
run 736 at time=7360.00
run 737 at time=7370.00
run 738 at time=7380.00
run 739 at time=7390.00
run 740 at time=7400.00
run 741 at time=7410.00
run 742 at time=7420.00
run 743 at time=7430.00
run 744 at time=7440.00
run 745 at time=7450.00
run 746 at time=7460.00
run 747 at time=7470.00
run 748 at time=7480.00
run 749 at time=7490.00
run 750 at time=7500.00
run 751 at time=7510.00
run 752 at time=7520.00
run 753 at time=7530.00
run 754 at time=7540.00
run 755 at time=7550.00
run 756 at time=7560.00
run 757 at time=7570.00
run 758 at time=7580.00
run 759 at time=7590.00
run 760 at time=7600.00
run 761 at time=7610.00
run 762 at time=7620.00
run 763 at time=7630.00
run 764 at time=7640.00
run 765 at time=7650.00
run 766 at time=7660.00
run 767 at time=7670.00
run 768 at time=7680.00
run 769 at time=7690.00
run 770 at time=7700.00
run 771 at time=7710.00
run 772 at time=7720.00
run 773 at time=7730.00
run 774 at time=7740.00
run 775 at time=7750.00
run 776 at time=7760.00
run 777 at time=7770.00
run 778 at time=7780.00
run 779 at time=7790.00
run 780 at time=7800.00
run 781 at time=7810.00
run 782 at time=7820.00
run 783 at time=7830.00
run 784 at time=7840.00
run 785 at time=7850.00
run 786 at time=7860.00
run 787 at time=7870.00
run 788 at time=7880.00
run 789 at time=7890.00
run 790 at time=7900.00
run 791 at time=7910.00
run 792 at time=7920.00
run 793 at time=7930.00
run 794 at time=7940.00
run 795 at time=7950.00
run 796 at time=7960.00
run 797 at time=7970.00
run 798 at time=7980.00
run 799 at time=7990.00
run 800 at time=8000.00
run 801 at time=8010.00
run 802 at time=8020.00
run 803 at time=8030.00
run 804 at time=8040.00
run 805 at time=8050.00
run 806 at time=8060.00
run 807 at time=8070.00
run 808 at time=8080.00
run 809 at time=8090.00
run 810 at time=8100.00
run 811 at time=8110.00
run 812 at time=8120.00
run 813 at time=8130.00
run 814 at time=8140.00
run 815 at time=8150.00
run 816 at time=8160.00
run 817 at time=8170.00
run 818 at time=8180.00
run 819 at time=8190.00
run 820 at time=8200.00
run 821 at time=8210.00
run 822 at time=8220.00
run 823 at time=8230.00
run 824 at time=8240.00
run 825 at time=8250.00
run 826 at time=8260.00
run 827 at time=8270.00
run 828 at time=8280.00
run 829 at time=8290.00
run 830 at time=8300.00
run 831 at time=8310.00
run 832 at time=8320.00
run 833 at time=8330.00
run 834 at time=8340.00
run 835 at time=8350.00
run 836 at time=8360.00
run 837 at time=8370.00
run 838 at time=8380.00
run 839 at time=8390.00
run 840 at time=8400.00
run 841 at time=8410.00
run 842 at time=8420.00
run 843 at time=8430.00
run 844 at time=8440.00
run 845 at time=8450.00
run 846 at time=8460.00
run 847 at time=8470.00
run 848 at time=8480.00
run 849 at time=8490.00
run 850 at time=8500.00
run 851 at time=8510.00
run 852 at time=8520.00
run 853 at time=8530.00
run 854 at time=8540.00
run 855 at time=8550.00
run 856 at time=8560.00
run 857 at time=8570.00
run 858 at time=8580.00
run 859 at time=8590.00
run 860 at time=8600.00
run 861 at time=8610.00
run 862 at time=8620.00
run 863 at time=8630.00
run 864 at time=8640.00
run 865 at time=8650.00
run 866 at time=8660.00
run 867 at time=8670.00
run 868 at time=8680.00
run 869 at time=8690.00
run 870 at time=8700.00
run 871 at time=8710.00
run 872 at time=8720.00
run 873 at time=8730.00
run 874 at time=8740.00
run 875 at time=8750.00
run 876 at time=8760.00
run 877 at time=8770.00
run 878 at time=8780.00
run 879 at time=8790.00
run 880 at time=8800.00
run 881 at time=8810.00
run 882 at time=8820.00
run 883 at time=8830.00
run 884 at time=8840.00
run 885 at time=8850.00
run 886 at time=8860.00
run 887 at time=8870.00
run 888 at time=8880.00
run 889 at time=8890.00
run 890 at time=8900.00
run 891 at time=8910.00
run 892 at time=8920.00
run 893 at time=8930.00
run 894 at time=8940.00
run 895 at time=8950.00
run 896 at time=8960.00
run 897 at time=8970.00
run 898 at time=8980.00
run 899 at time=8990.00
run 900 at time=9000.00
run 901 at time=9010.00
run 902 at time=9020.00
run 903 at time=9030.00
run 904 at time=9040.00
run 905 at time=9050.00
run 906 at time=9060.00
run 907 at time=9070.00
run 908 at time=9080.00
run 909 at time=9090.00
run 910 at time=9100.00
run 911 at time=9110.00
run 912 at time=9120.00
run 913 at time=9130.00
run 914 at time=9140.00
run 915 at time=9150.00
run 916 at time=9160.00
run 917 at time=9170.00
run 918 at time=9180.00
run 919 at time=9190.00
run 920 at time=9200.00
run 921 at time=9210.00
run 922 at time=9220.00
run 923 at time=9230.00
run 924 at time=9240.00
run 925 at time=9250.00
run 926 at time=9260.00
run 927 at time=9270.00
run 928 at time=9280.00
run 929 at time=9290.00
run 930 at time=9300.00
run 931 at time=9310.00
run 932 at time=9320.00
run 933 at time=9330.00
run 934 at time=9340.00
run 935 at time=9350.00
run 936 at time=9360.00
run 937 at time=9370.00
run 938 at time=9380.00
run 939 at time=9390.00
run 940 at time=9400.00
run 941 at time=9410.00
run 942 at time=9420.00
run 943 at time=9430.00
run 944 at time=9440.00
run 945 at time=9450.00
run 946 at time=9460.00
run 947 at time=9470.00
run 948 at time=9480.00
run 949 at time=9490.00
run 950 at time=9500.00
run 951 at time=9510.00
run 952 at time=9520.00
run 953 at time=9530.00
run 954 at time=9540.00
run 955 at time=9550.00
run 956 at time=9560.00
run 957 at time=9570.00
run 958 at time=9580.00
run 959 at time=9590.00
run 960 at time=9600.00
run 961 at time=9610.00
run 962 at time=9620.00
run 963 at time=9630.00
run 964 at time=9640.00
run 965 at time=9650.00
run 966 at time=9660.00
run 967 at time=9670.00
run 968 at time=9680.00
run 969 at time=9690.00
run 970 at time=9700.00
run 971 at time=9710.00
run 972 at time=9720.00
run 973 at time=9730.00
run 974 at time=9740.00
run 975 at time=9750.00
run 976 at time=9760.00
run 977 at time=9770.00
run 978 at time=9780.00
run 979 at time=9790.00
run 980 at time=9800.00
run 981 at time=9810.00
run 982 at time=9820.00
run 983 at time=9830.00
run 984 at time=9840.00
run 985 at time=9850.00
run 986 at time=9860.00
run 987 at time=9870.00
run 988 at time=9880.00
run 989 at time=9890.00
run 990 at time=9900.00
run 991 at time=9910.00
run 992 at time=9920.00
run 993 at time=9930.00
run 994 at time=9940.00
run 995 at time=9950.00
run 996 at time=9960.00
run 997 at time=9970.00
run 998 at time=9980.00
run 999 at time=9990.00

Finished.
