name: lj_liquid.py
job_id: lj_liquid.py
npart:$512 density:$4.8e-05 kT:$360.0
LJ-parameters:
{'epsilon': 0.3472222222222222, 'sigma': 3.4, 'cutoff': 8.5, 'shift': 0.004079222783999998, 'offset': 0.0, 'min': 0.0}
Simulate 511 argon particles in a cubic box of length 220.1284832596417 A at density 4.8e-05 particles/A^3 and temperature 360.0 K.
Interactions:
Start with minimal distance 3.7761619374284168
Start warmup integration:
At maximum 10 times 20 steps
Stop if minimal distance is larger than 3.06
LennardJonesInteraction({'epsilon': 0.3472222222222222, 'sigma': 3.4, 'cutoff': 8.5, 'shift': 0.004079222783999998, 'offset': 0.0, 'min': 0.0})
minimization: -1.87e+00

Start integration: run 1000 times 1000 steps
run 0 at time=0.00
run 1 at time=10.00
run 2 at time=20.00
run 3 at time=30.00
run 4 at time=40.00
run 5 at time=50.00
run 6 at time=60.00
run 7 at time=70.00
run 8 at time=80.00
run 9 at time=90.00
run 10 at time=100.00
run 11 at time=110.00
run 12 at time=120.00
run 13 at time=130.00
run 14 at time=140.00
run 15 at time=150.00
run 16 at time=160.00
run 17 at time=170.00
run 18 at time=180.00
run 19 at time=190.00
run 20 at time=200.00
run 21 at time=210.00
run 22 at time=220.00
run 23 at time=230.00
run 24 at time=240.00
run 25 at time=250.00
run 26 at time=260.00
run 27 at time=270.00
run 28 at time=280.00
run 29 at time=290.00
run 30 at time=300.00
run 31 at time=310.00
run 32 at time=320.00
run 33 at time=330.00
run 34 at time=340.00
run 35 at time=350.00
run 36 at time=360.00
run 37 at time=370.00
run 38 at time=380.00
run 39 at time=390.00
run 40 at time=400.00
run 41 at time=410.00
run 42 at time=420.00
run 43 at time=430.00
run 44 at time=440.00
run 45 at time=450.00
run 46 at time=460.00
run 47 at time=470.00
run 48 at time=480.00
run 49 at time=490.00
run 50 at time=500.00
run 51 at time=510.00
run 52 at time=520.00
run 53 at time=530.00
run 54 at time=540.00
run 55 at time=550.00
run 56 at time=560.00
run 57 at time=570.00
run 58 at time=580.00
run 59 at time=590.00
run 60 at time=600.00
run 61 at time=610.00
run 62 at time=620.00
run 63 at time=630.00
run 64 at time=640.00
run 65 at time=650.00
run 66 at time=660.00
run 67 at time=670.00
run 68 at time=680.00
run 69 at time=690.00
run 70 at time=700.00
run 71 at time=710.00
run 72 at time=720.00
run 73 at time=730.00
run 74 at time=740.00
run 75 at time=750.00
run 76 at time=760.00
run 77 at time=770.00
run 78 at time=780.00
run 79 at time=790.00
run 80 at time=800.00
run 81 at time=810.00
run 82 at time=820.00
run 83 at time=830.00
run 84 at time=840.00
run 85 at time=850.00
run 86 at time=860.00
run 87 at time=870.00
run 88 at time=880.00
run 89 at time=890.00
run 90 at time=900.00
run 91 at time=910.00
run 92 at time=920.00
run 93 at time=930.00
run 94 at time=940.00
run 95 at time=950.00
run 96 at time=960.00
run 97 at time=970.00
run 98 at time=980.00
run 99 at time=990.00
run 100 at time=1000.00
run 101 at time=1010.00
run 102 at time=1020.00
run 103 at time=1030.00
run 104 at time=1040.00
run 105 at time=1050.00
run 106 at time=1060.00
run 107 at time=1070.00
run 108 at time=1080.00
run 109 at time=1090.00
run 110 at time=1100.00
run 111 at time=1110.00
run 112 at time=1120.00
run 113 at time=1130.00
run 114 at time=1140.00
run 115 at time=1150.00
run 116 at time=1160.00
run 117 at time=1170.00
run 118 at time=1180.00
run 119 at time=1190.00
run 120 at time=1200.00
run 121 at time=1210.00
run 122 at time=1220.00
run 123 at time=1230.00
run 124 at time=1240.00
run 125 at time=1250.00
run 126 at time=1260.00
run 127 at time=1270.00
run 128 at time=1280.00
run 129 at time=1290.00
run 130 at time=1300.00
run 131 at time=1310.00
run 132 at time=1320.00
run 133 at time=1330.00
run 134 at time=1340.00
run 135 at time=1350.00
run 136 at time=1360.00
run 137 at time=1370.00
run 138 at time=1380.00
run 139 at time=1390.00
run 140 at time=1400.00
run 141 at time=1410.00
run 142 at time=1420.00
run 143 at time=1430.00
run 144 at time=1440.00
run 145 at time=1450.00
run 146 at time=1460.00
run 147 at time=1470.00
run 148 at time=1480.00
run 149 at time=1490.00
run 150 at time=1500.00
run 151 at time=1510.00
run 152 at time=1520.00
run 153 at time=1530.00
run 154 at time=1540.00
run 155 at time=1550.00
run 156 at time=1560.00
run 157 at time=1570.00
run 158 at time=1580.00
run 159 at time=1590.00
run 160 at time=1600.00
run 161 at time=1610.00
run 162 at time=1620.00
run 163 at time=1630.00
run 164 at time=1640.00
run 165 at time=1650.00
run 166 at time=1660.00
run 167 at time=1670.00
run 168 at time=1680.00
run 169 at time=1690.00
run 170 at time=1700.00
run 171 at time=1710.00
run 172 at time=1720.00
run 173 at time=1730.00
run 174 at time=1740.00
run 175 at time=1750.00
run 176 at time=1760.00
run 177 at time=1770.00
run 178 at time=1780.00
run 179 at time=1790.00
run 180 at time=1800.00
run 181 at time=1810.00
run 182 at time=1820.00
run 183 at time=1830.00
run 184 at time=1840.00
run 185 at time=1850.00
run 186 at time=1860.00
run 187 at time=1870.00
run 188 at time=1880.00
run 189 at time=1890.00
run 190 at time=1900.00
run 191 at time=1910.00
run 192 at time=1920.00
run 193 at time=1930.00
run 194 at time=1940.00
run 195 at time=1950.00
run 196 at time=1960.00
run 197 at time=1970.00
run 198 at time=1980.00
run 199 at time=1990.00
run 200 at time=2000.00
run 201 at time=2010.00
run 202 at time=2020.00
run 203 at time=2030.00
run 204 at time=2040.00
run 205 at time=2050.00
run 206 at time=2060.00
run 207 at time=2070.00
run 208 at time=2080.00
run 209 at time=2090.00
run 210 at time=2100.00
run 211 at time=2110.00
run 212 at time=2120.00
run 213 at time=2130.00
run 214 at time=2140.00
run 215 at time=2150.00
run 216 at time=2160.00
run 217 at time=2170.00
run 218 at time=2180.00
run 219 at time=2190.00
run 220 at time=2200.00
run 221 at time=2210.00
run 222 at time=2220.00
run 223 at time=2230.00
run 224 at time=2240.00
run 225 at time=2250.00
run 226 at time=2260.00
run 227 at time=2270.00
run 228 at time=2280.00
run 229 at time=2290.00
run 230 at time=2300.00
run 231 at time=2310.00
run 232 at time=2320.00
run 233 at time=2330.00
run 234 at time=2340.00
run 235 at time=2350.00
run 236 at time=2360.00
run 237 at time=2370.00
run 238 at time=2380.00
run 239 at time=2390.00
run 240 at time=2400.00
run 241 at time=2410.00
run 242 at time=2420.00
run 243 at time=2430.00
run 244 at time=2440.00
run 245 at time=2450.00
run 246 at time=2460.00
run 247 at time=2470.00
run 248 at time=2480.00
run 249 at time=2490.00
run 250 at time=2500.00
run 251 at time=2510.00
run 252 at time=2520.00
run 253 at time=2530.00
run 254 at time=2540.00
run 255 at time=2550.00
run 256 at time=2560.00
run 257 at time=2570.00
run 258 at time=2580.00
run 259 at time=2590.00
run 260 at time=2600.00
run 261 at time=2610.00
run 262 at time=2620.00
run 263 at time=2630.00
run 264 at time=2640.00
run 265 at time=2650.00
run 266 at time=2660.00
run 267 at time=2670.00
run 268 at time=2680.00
run 269 at time=2690.00
run 270 at time=2700.00
run 271 at time=2710.00
run 272 at time=2720.00
run 273 at time=2730.00
run 274 at time=2740.00
run 275 at time=2750.00
run 276 at time=2760.00
run 277 at time=2770.00
run 278 at time=2780.00
run 279 at time=2790.00
run 280 at time=2800.00
run 281 at time=2810.00
run 282 at time=2820.00
run 283 at time=2830.00
run 284 at time=2840.00
run 285 at time=2850.00
run 286 at time=2860.00
run 287 at time=2870.00
run 288 at time=2880.00
run 289 at time=2890.00
run 290 at time=2900.00
run 291 at time=2910.00
run 292 at time=2920.00
run 293 at time=2930.00
run 294 at time=2940.00
run 295 at time=2950.00
run 296 at time=2960.00
run 297 at time=2970.00
run 298 at time=2980.00
run 299 at time=2990.00
run 300 at time=3000.00
run 301 at time=3010.00
run 302 at time=3020.00
run 303 at time=3030.00
run 304 at time=3040.00
run 305 at time=3050.00
run 306 at time=3060.00
run 307 at time=3070.00
run 308 at time=3080.00
run 309 at time=3090.00
run 310 at time=3100.00
run 311 at time=3110.00
run 312 at time=3120.00
run 313 at time=3130.00
run 314 at time=3140.00
run 315 at time=3150.00
run 316 at time=3160.00
run 317 at time=3170.00
run 318 at time=3180.00
run 319 at time=3190.00
run 320 at time=3200.00
run 321 at time=3210.00
run 322 at time=3220.00
run 323 at time=3230.00
run 324 at time=3240.00
run 325 at time=3250.00
run 326 at time=3260.00
run 327 at time=3270.00
run 328 at time=3280.00
run 329 at time=3290.00
run 330 at time=3300.00
run 331 at time=3310.00
run 332 at time=3320.00
run 333 at time=3330.00
run 334 at time=3340.00
run 335 at time=3350.00
run 336 at time=3360.00
run 337 at time=3370.00
run 338 at time=3380.00
run 339 at time=3390.00
run 340 at time=3400.00
run 341 at time=3410.00
run 342 at time=3420.00
run 343 at time=3430.00
run 344 at time=3440.00
run 345 at time=3450.00
run 346 at time=3460.00
run 347 at time=3470.00
run 348 at time=3480.00
run 349 at time=3490.00
run 350 at time=3500.00
run 351 at time=3510.00
run 352 at time=3520.00
run 353 at time=3530.00
run 354 at time=3540.00
run 355 at time=3550.00
run 356 at time=3560.00
run 357 at time=3570.00
run 358 at time=3580.00
run 359 at time=3590.00
run 360 at time=3600.00
run 361 at time=3610.00
run 362 at time=3620.00
run 363 at time=3630.00
run 364 at time=3640.00
run 365 at time=3650.00
run 366 at time=3660.00
run 367 at time=3670.00
run 368 at time=3680.00
run 369 at time=3690.00
run 370 at time=3700.00
run 371 at time=3710.00
run 372 at time=3720.00
run 373 at time=3730.00
run 374 at time=3740.00
run 375 at time=3750.00
run 376 at time=3760.00
run 377 at time=3770.00
run 378 at time=3780.00
run 379 at time=3790.00
run 380 at time=3800.00
run 381 at time=3810.00
run 382 at time=3820.00
run 383 at time=3830.00
run 384 at time=3840.00
run 385 at time=3850.00
run 386 at time=3860.00
run 387 at time=3870.00
run 388 at time=3880.00
run 389 at time=3890.00
run 390 at time=3900.00
run 391 at time=3910.00
run 392 at time=3920.00
run 393 at time=3930.00
run 394 at time=3940.00
run 395 at time=3950.00
run 396 at time=3960.00
run 397 at time=3970.00
run 398 at time=3980.00
run 399 at time=3990.00
run 400 at time=4000.00
run 401 at time=4010.00
run 402 at time=4020.00
run 403 at time=4030.00
run 404 at time=4040.00
run 405 at time=4050.00
run 406 at time=4060.00
run 407 at time=4070.00
run 408 at time=4080.00
run 409 at time=4090.00
run 410 at time=4100.00
run 411 at time=4110.00
run 412 at time=4120.00
run 413 at time=4130.00
run 414 at time=4140.00
run 415 at time=4150.00
run 416 at time=4160.00
run 417 at time=4170.00
run 418 at time=4180.00
run 419 at time=4190.00
run 420 at time=4200.00
run 421 at time=4210.00
run 422 at time=4220.00
run 423 at time=4230.00
run 424 at time=4240.00
run 425 at time=4250.00
run 426 at time=4260.00
run 427 at time=4270.00
run 428 at time=4280.00
run 429 at time=4290.00
run 430 at time=4300.00
run 431 at time=4310.00
run 432 at time=4320.00
run 433 at time=4330.00
run 434 at time=4340.00
run 435 at time=4350.00
run 436 at time=4360.00
run 437 at time=4370.00
run 438 at time=4380.00
run 439 at time=4390.00
run 440 at time=4400.00
run 441 at time=4410.00
run 442 at time=4420.00
run 443 at time=4430.00
run 444 at time=4440.00
run 445 at time=4450.00
run 446 at time=4460.00
run 447 at time=4470.00
run 448 at time=4480.00
run 449 at time=4490.00
run 450 at time=4500.00
run 451 at time=4510.00
run 452 at time=4520.00
run 453 at time=4530.00
run 454 at time=4540.00
run 455 at time=4550.00
run 456 at time=4560.00
run 457 at time=4570.00
run 458 at time=4580.00
run 459 at time=4590.00
run 460 at time=4600.00
run 461 at time=4610.00
run 462 at time=4620.00
run 463 at time=4630.00
run 464 at time=4640.00
run 465 at time=4650.00
run 466 at time=4660.00
run 467 at time=4670.00
run 468 at time=4680.00
run 469 at time=4690.00
run 470 at time=4700.00
run 471 at time=4710.00
run 472 at time=4720.00
run 473 at time=4730.00
run 474 at time=4740.00
run 475 at time=4750.00
run 476 at time=4760.00
run 477 at time=4770.00
run 478 at time=4780.00
run 479 at time=4790.00
run 480 at time=4800.00
run 481 at time=4810.00
run 482 at time=4820.00
run 483 at time=4830.00
run 484 at time=4840.00
run 485 at time=4850.00
run 486 at time=4860.00
run 487 at time=4870.00
run 488 at time=4880.00
run 489 at time=4890.00
run 490 at time=4900.00
run 491 at time=4910.00
run 492 at time=4920.00
run 493 at time=4930.00
run 494 at time=4940.00
run 495 at time=4950.00
run 496 at time=4960.00
run 497 at time=4970.00
run 498 at time=4980.00
run 499 at time=4990.00
run 500 at time=5000.00
run 501 at time=5010.00
run 502 at time=5020.00
run 503 at time=5030.00
run 504 at time=5040.00
run 505 at time=5050.00
run 506 at time=5060.00
run 507 at time=5070.00
run 508 at time=5080.00
run 509 at time=5090.00
run 510 at time=5100.00
run 511 at time=5110.00
run 512 at time=5120.00
run 513 at time=5130.00
run 514 at time=5140.00
run 515 at time=5150.00
run 516 at time=5160.00
run 517 at time=5170.00
run 518 at time=5180.00
run 519 at time=5190.00
run 520 at time=5200.00
run 521 at time=5210.00
run 522 at time=5220.00
run 523 at time=5230.00
run 524 at time=5240.00
run 525 at time=5250.00
run 526 at time=5260.00
run 527 at time=5270.00
run 528 at time=5280.00
run 529 at time=5290.00
run 530 at time=5300.00
run 531 at time=5310.00
run 532 at time=5320.00
run 533 at time=5330.00
run 534 at time=5340.00
run 535 at time=5350.00
run 536 at time=5360.00
run 537 at time=5370.00
run 538 at time=5380.00
run 539 at time=5390.00
run 540 at time=5400.00
run 541 at time=5410.00
run 542 at time=5420.00
run 543 at time=5430.00
run 544 at time=5440.00
run 545 at time=5450.00
run 546 at time=5460.00
run 547 at time=5470.00
run 548 at time=5480.00
run 549 at time=5490.00
run 550 at time=5500.00
run 551 at time=5510.00
run 552 at time=5520.00
run 553 at time=5530.00
run 554 at time=5540.00
run 555 at time=5550.00
run 556 at time=5560.00
run 557 at time=5570.00
run 558 at time=5580.00
run 559 at time=5590.00
run 560 at time=5600.00
run 561 at time=5610.00
run 562 at time=5620.00
run 563 at time=5630.00
run 564 at time=5640.00
run 565 at time=5650.00
run 566 at time=5660.00
run 567 at time=5670.00
run 568 at time=5680.00
run 569 at time=5690.00
run 570 at time=5700.00
run 571 at time=5710.00
run 572 at time=5720.00
run 573 at time=5730.00
run 574 at time=5740.00
run 575 at time=5750.00
run 576 at time=5760.00
run 577 at time=5770.00
run 578 at time=5780.00
run 579 at time=5790.00
run 580 at time=5800.00
run 581 at time=5810.00
run 582 at time=5820.00
run 583 at time=5830.00
run 584 at time=5840.00
run 585 at time=5850.00
run 586 at time=5860.00
run 587 at time=5870.00
run 588 at time=5880.00
run 589 at time=5890.00
run 590 at time=5900.00
run 591 at time=5910.00
run 592 at time=5920.00
run 593 at time=5930.00
run 594 at time=5940.00
run 595 at time=5950.00
run 596 at time=5960.00
run 597 at time=5970.00
run 598 at time=5980.00
run 599 at time=5990.00
run 600 at time=6000.00
run 601 at time=6010.00
run 602 at time=6020.00
run 603 at time=6030.00
run 604 at time=6040.00
run 605 at time=6050.00
run 606 at time=6060.00
run 607 at time=6070.00
run 608 at time=6080.00
run 609 at time=6090.00
run 610 at time=6100.00
run 611 at time=6110.00
run 612 at time=6120.00
run 613 at time=6130.00
run 614 at time=6140.00
run 615 at time=6150.00
run 616 at time=6160.00
run 617 at time=6170.00
run 618 at time=6180.00
run 619 at time=6190.00
run 620 at time=6200.00
run 621 at time=6210.00
run 622 at time=6220.00
run 623 at time=6230.00
run 624 at time=6240.00
run 625 at time=6250.00
run 626 at time=6260.00
run 627 at time=6270.00
run 628 at time=6280.00
run 629 at time=6290.00
run 630 at time=6300.00
run 631 at time=6310.00
run 632 at time=6320.00
run 633 at time=6330.00
run 634 at time=6340.00
run 635 at time=6350.00
run 636 at time=6360.00
run 637 at time=6370.00
run 638 at time=6380.00
run 639 at time=6390.00
run 640 at time=6400.00
run 641 at time=6410.00
run 642 at time=6420.00
run 643 at time=6430.00
run 644 at time=6440.00
run 645 at time=6450.00
run 646 at time=6460.00
run 647 at time=6470.00
run 648 at time=6480.00
run 649 at time=6490.00
run 650 at time=6500.00
run 651 at time=6510.00
run 652 at time=6520.00
run 653 at time=6530.00
run 654 at time=6540.00
run 655 at time=6550.00
run 656 at time=6560.00
run 657 at time=6570.00
run 658 at time=6580.00
run 659 at time=6590.00
run 660 at time=6600.00
run 661 at time=6610.00
run 662 at time=6620.00
run 663 at time=6630.00
run 664 at time=6640.00
run 665 at time=6650.00
run 666 at time=6660.00
run 667 at time=6670.00
run 668 at time=6680.00
run 669 at time=6690.00
run 670 at time=6700.00
run 671 at time=6710.00
run 672 at time=6720.00
run 673 at time=6730.00
run 674 at time=6740.00
