name: lj_liquid.py
job_id: lj_liquid.py
npart:$512 density:$9.6e-05 kT:$330.0
LJ-parameters:
{'epsilon': 0.3787878787878788, 'sigma': 3.4, 'cutoff': 8.5, 'shift': 0.004079222783999998, 'offset': 0.0, 'min': 0.0}
Simulate 511 argon particles in a cubic box of length 174.7160929472597 A at density 9.6e-05 particles/A^3 and temperature 330.0 K.
Interactions:
Start with minimal distance 2.9971417159380853
Start warmup integration:
At maximum 10 times 20 steps
Stop if minimal distance is larger than 3.06
LennardJonesInteraction({'epsilon': 0.3787878787878788, 'sigma': 3.4, 'cutoff': 8.5, 'shift': 0.004079222783999998, 'offset': 0.0, 'min': 0.0})
minimization: +6.30e-01
minimization: -3.44e+00

Start integration: run 1000 times 1000 steps
run 0 at time=0.00
run 1 at time=10.00
run 2 at time=20.00
run 3 at time=30.00
run 4 at time=40.00
run 5 at time=50.00
run 6 at time=60.00
run 7 at time=70.00
run 8 at time=80.00
run 9 at time=90.00
run 10 at time=100.00
run 11 at time=110.00
run 12 at time=120.00
run 13 at time=130.00
run 14 at time=140.00
run 15 at time=150.00
run 16 at time=160.00
run 17 at time=170.00
run 18 at time=180.00
run 19 at time=190.00
